# JRE version: OpenJDK Runtime Environment (8.0_242-b01) (build 1.8.0_242-release-1644-b01)
# Java VM: OpenJDK 64-Bit Server VM (25.242-b01 mixed mode windows-amd64 compressed oops)
Heap:
 PSYoungGen      total 620544K, used 390241K [0x00000000d5580000, 0x0000000100000000, 0x0000000100000000)
  eden space 542208K, 64% used [0x00000000d5580000,0x00000000ea9f83c8,0x00000000f6700000)
  from space 78336K, 53% used [0x00000000f6700000,0x00000000f8fa0408,0x00000000fb380000)
  to   space 78336K, 0% used [0x00000000fb380000,0x00000000fb380000,0x0000000100000000)
 ParOldGen       total 420864K, used 345107K [0x0000000080000000, 0x0000000099b00000, 0x00000000d5580000)
  object space 420864K, 81% used [0x0000000080000000,0x0000000095104ff0,0x0000000099b00000)
 Metaspace       used 130834K, capacity 141240K, committed 142248K, reserved 1173504K
  class space    used 16346K, capacity 18197K, committed 18608K, reserved 1048576K
GC Heap History (10 events):
Event: 6620.133 GC heap before
{Heap before GC invocations=122 (full 9):
 PSYoungGen      total 614400K, used 579593K [0x00000000d5580000, 0x00000000ff480000, 0x0000000100000000)
  eden space 552960K, 100% used [0x00000000d5580000,0x00000000f7180000,0x00000000f7180000)
  from space 61440K, 43% used [0x00000000fb880000,0x00000000fd282560,0x00000000ff480000)
  to   space 67072K, 0% used [0x00000000f7180000,0x00000000f7180000,0x00000000fb300000)
 ParOldGen       total 420864K, used 291030K [0x0000000080000000, 0x0000000099b00000, 0x00000000d5580000)
  object space 420864K, 69% used [0x0000000080000000,0x0000000091c35928,0x0000000099b00000)
 Metaspace       used 130461K, capacity 140684K, committed 142248K, reserved 1173504K
  class space    used 16290K, capacity 18087K, committed 18608K, reserved 1048576K
Event: 6620.160 GC heap after
Heap after GC invocations=122 (full 9):
 PSYoungGen      total 620032K, used 18724K [0x00000000d5580000, 0x00000000ffe80000, 0x0000000100000000)
  eden space 552960K, 0% used [0x00000000d5580000,0x00000000d5580000,0x00000000f7180000)
  from space 67072K, 27% used [0x00000000f7180000,0x00000000f83c91e0,0x00000000fb300000)
  to   space 63488K, 0% used [0x00000000fc080000,0x00000000fc080000,0x00000000ffe80000)
 ParOldGen       total 420864K, used 295645K [0x0000000080000000, 0x0000000099b00000, 0x00000000d5580000)
  object space 420864K, 70% used [0x0000000080000000,0x00000000920b77f0,0x0000000099b00000)
 Metaspace       used 130461K, capacity 140684K, committed 142248K, reserved 1173504K
  class space    used 16290K, capacity 18087K, committed 18608K, reserved 1048576K
}
Event: 6621.319 GC heap before
{Heap before GC invocations=123 (full 9):
 PSYoungGen      total 620032K, used 571684K [0x00000000d5580000, 0x00000000ffe80000, 0x0000000100000000)
  eden space 552960K, 100% used [0x00000000d5580000,0x00000000f7180000,0x00000000f7180000)
  from space 67072K, 27% used [0x00000000f7180000,0x00000000f83c91e0,0x00000000fb300000)
  to   space 63488K, 0% used [0x00000000fc080000,0x00000000fc080000,0x00000000ffe80000)
 ParOldGen       total 420864K, used 295645K [0x0000000080000000, 0x0000000099b00000, 0x00000000d5580000)
  object space 420864K, 70% used [0x0000000080000000,0x00000000920b77f0,0x0000000099b00000)
 Metaspace       used 130469K, capacity 140684K, committed 142248K, reserved 1173504K
  class space    used 16290K, capacity 18087K, committed 18608K, reserved 1048576K
Event: 6621.377 GC heap after
Heap after GC invocations=123 (full 9):
 PSYoungGen      total 630784K, used 34997K [0x00000000d5580000, 0x00000000ffd80000, 0x0000000100000000)
  eden space 568320K, 0% used [0x00000000d5580000,0x00000000d5580000,0x00000000f8080000)
  from space 62464K, 56% used [0x00000000fc080000,0x00000000fe2ad6a8,0x00000000ffd80000)
  to   space 64000K, 0% used [0x00000000f8080000,0x00000000f8080000,0x00000000fbf00000)
 ParOldGen       total 420864K, used 299145K [0x0000000080000000, 0x0000000099b00000, 0x00000000d5580000)
  object space 420864K, 71% used [0x0000000080000000,0x00000000924224c0,0x0000000099b00000)
 Metaspace       used 130469K, capacity 140684K, committed 142248K, reserved 1173504K
  class space    used 16290K, capacity 18087K, committed 18608K, reserved 1048576K
}
Event: 6622.100 GC heap before
{Heap before GC invocations=124 (full 9):
 PSYoungGen      total 630784K, used 603317K [0x00000000d5580000, 0x00000000ffd80000, 0x0000000100000000)
  eden space 568320K, 100% used [0x00000000d5580000,0x00000000f8080000,0x00000000f8080000)
  from space 62464K, 56% used [0x00000000fc080000,0x00000000fe2ad6a8,0x00000000ffd80000)
  to   space 64000K, 0% used [0x00000000f8080000,0x00000000f8080000,0x00000000fbf00000)
 ParOldGen       total 420864K, used 299145K [0x0000000080000000, 0x0000000099b00000, 0x00000000d5580000)
  object space 420864K, 71% used [0x0000000080000000,0x00000000924224c0,0x0000000099b00000)
 Metaspace       used 130469K, capacity 140684K, committed 142248K, reserved 1173504K
  class space    used 16290K, capacity 18087K, committed 18608K, reserved 1048576K
Event: 6622.124 GC heap after
Heap after GC invocations=124 (full 9):
 PSYoungGen      total 632320K, used 12660K [0x00000000d5580000, 0x00000000ffd80000, 0x0000000100000000)
  eden space 568320K, 0% used [0x00000000d5580000,0x00000000d5580000,0x00000000f8080000)
  from space 64000K, 19% used [0x00000000f8080000,0x00000000f8cdd2d0,0x00000000fbf00000)
  to   space 61952K, 0% used [0x00000000fc100000,0x00000000fc100000,0x00000000ffd80000)
 ParOldGen       total 420864K, used 303305K [0x0000000080000000, 0x0000000099b00000, 0x00000000d5580000)
  object space 420864K, 72% used [0x0000000080000000,0x00000000928326f8,0x0000000099b00000)
 Metaspace       used 130469K, capacity 140684K, committed 142248K, reserved 1173504K
  class space    used 16290K, capacity 18087K, committed 18608K, reserved 1048576K
}
Event: 6623.597 GC heap before
{Heap before GC invocations=125 (full 9):
 PSYoungGen      total 632320K, used 580980K [0x00000000d5580000, 0x00000000ffd80000, 0x0000000100000000)
  eden space 568320K, 100% used [0x00000000d5580000,0x00000000f8080000,0x00000000f8080000)
  from space 64000K, 19% used [0x00000000f8080000,0x00000000f8cdd2d0,0x00000000fbf00000)
  to   space 61952K, 0% used [0x00000000fc100000,0x00000000fc100000,0x00000000ffd80000)
 ParOldGen       total 420864K, used 303305K [0x0000000080000000, 0x0000000099b00000, 0x00000000d5580000)
  object space 420864K, 72% used [0x0000000080000000,0x00000000928326f8,0x0000000099b00000)
 Metaspace       used 130475K, capacity 140684K, committed 142248K, reserved 1173504K
  class space    used 16291K, capacity 18087K, committed 18608K, reserved 1048576K
Event: 6623.668 GC heap after
Heap after GC invocations=125 (full 9):
 PSYoungGen      total 604160K, used 61924K [0x00000000d5580000, 0x0000000100000000, 0x0000000100000000)
  eden space 542208K, 0% used [0x00000000d5580000,0x00000000d5580000,0x00000000f6700000)
  from space 61952K, 99% used [0x00000000fc100000,0x00000000ffd79358,0x00000000ffd80000)
  to   space 78336K, 0% used [0x00000000f6700000,0x00000000f6700000,0x00000000fb380000)
 ParOldGen       total 420864K, used 318477K [0x0000000080000000, 0x0000000099b00000, 0x00000000d5580000)
  object space 420864K, 75% used [0x0000000080000000,0x0000000093703530,0x0000000099b00000)
 Metaspace       used 130475K, capacity 140684K, committed 142248K, reserved 1173504K
  class space    used 16291K, capacity 18087K, committed 18608K, reserved 1048576K
}
Event: 6979.507 GC heap before
{Heap before GC invocations=126 (full 9):
 PSYoungGen      total 604160K, used 604132K [0x00000000d5580000, 0x0000000100000000, 0x0000000100000000)
  eden space 542208K, 100% used [0x00000000d5580000,0x00000000f6700000,0x00000000f6700000)
  from space 61952K, 99% used [0x00000000fc100000,0x00000000ffd79358,0x00000000ffd80000)
  to   space 78336K, 0% used [0x00000000f6700000,0x00000000f6700000,0x00000000fb380000)
 ParOldGen       total 420864K, used 318477K [0x0000000080000000, 0x0000000099b00000, 0x00000000d5580000)
  object space 420864K, 75% used [0x0000000080000000,0x0000000093703530,0x0000000099b00000)
 Metaspace       used 130603K, capacity 140942K, committed 142248K, reserved 1173504K
  class space    used 16308K, capacity 18105K, committed 18608K, reserved 1048576K
Event: 6979.604 GC heap after
Heap after GC invocations=126 (full 9):
 PSYoungGen      total 620544K, used 41601K [0x00000000d5580000, 0x0000000100000000, 0x0000000100000000)
  eden space 542208K, 0% used [0x00000000d5580000,0x00000000d5580000,0x00000000f6700000)
  from space 78336K, 53% used [0x00000000f6700000,0x00000000f8fa0408,0x00000000fb380000)
  to   space 78336K, 0% used [0x00000000fb380000,0x00000000fb380000,0x0000000100000000)
 ParOldGen       total 420864K, used 345107K [0x0000000080000000, 0x0000000099b00000, 0x00000000d5580000)
  object space 420864K, 81% used [0x0000000080000000,0x0000000095104ff0,0x0000000099b00000)
 Metaspace       used 130603K, capacity 140942K, committed 142248K, reserved 1173504K
  class space    used 16308K, capacity 18105K, committed 18608K, reserved 1048576K
}

